<?xml version="1.0" encoding="UTF-8"?>
<testsuite name="com.example.AppTest" tests="1" skipped="0" failures="0" errors="0" timestamp="2025-07-08T17:51:13" hostname="DouglasG15" time="0.016">
  <properties/>
  <testcase name="appHasAGreeting()" classname="com.example.AppTest" time="0.016"/>
  <system-out><![CDATA[]]></system-out>
  <system-err><![CDATA[]]></system-err>
</testsuite>
